<?xml version="1.0" encoding="UTF-8"?>
<testsuite xmlns:xsi="http://www.w3.org/2001/XMLSchema-instance" xsi:noNamespaceSchemaLocation="https://maven.apache.org/surefire/maven-surefire-plugin/xsd/surefire-test-report.xsd" version="3.0.2" name="com.app.customer.ApplicationTests" time="26.243" tests="1" errors="0" skipped="0" failures="0">
  <properties>
[...]
</properties>
  <testcase name="contextLoads" classname="com.app.customer.ApplicationTests" time="1.522">
    <system-out><![CDATA[20:28:13.615 [main] INFO org.springframework.test.context.support.AnnotationConfigContextLoaderUtils -- Could not detect default configuration classes for test class [com.app.customer.ApplicationTests]: ApplicationTests does not declare any static, non-private, non-final, nested classes annotated with @Configuration.
20:28:13.965 [main] INFO org.springframework.boot.test.context.SpringBootTestContextBootstrapper -- Found @SpringBootConfiguration com.app.customer.Application for test class com.app.customer.ApplicationTests

  .   ____          _            __ _ _
 /\\ / ___'_ __ _ _(_)_ __  __ _ \ \ \ \
( ( )\___ | '_ | '_| | '_ \/ _` | \ \ \ \
 \\/  ___)| |_)| | | | | || (_| |  ) ) ) )
  '  |____| .__|_| |_|_| |_\__, | / / / /
 =========|_|==============|___/=/_/_/_/

 :: Spring Boot ::                (v3.4.2)

2025-02-17T20:28:21.559+05:30  INFO 24328 --- [CUSTOMER-SERVICE] [           main] com.app.customer.ApplicationTests        : Starting ApplicationTests using Java 17.0.7 with PID 24328 (started by Mohit Yadav in D:\FullStackJava\9.Projects\14.CustomerService)
2025-02-17T20:28:21.561+05:30  INFO 24328 --- [CUSTOMER-SERVICE] [           main] com.app.customer.ApplicationTests        : No active profile set, falling back to 1 default profile: "default"
2025-02-17T20:28:21.659+05:30  INFO 24328 --- [CUSTOMER-SERVICE] [           main] o.s.c.c.c.ConfigServerConfigDataLoader   : Fetching config from server at : http://localhost:8888
2025-02-17T20:28:21.660+05:30  INFO 24328 --- [CUSTOMER-SERVICE] [           main] o.s.c.c.c.ConfigServerConfigDataLoader   : Located environment: name=CUSTOMER-SERVICE, profiles=[default], label=null, version=65cdb772a1a2a2aa8cc568599e35718b5c54f8d3, state=
2025-02-17T20:28:24.533+05:30  INFO 24328 --- [CUSTOMER-SERVICE] [           main] .s.d.r.c.RepositoryConfigurationDelegate : Bootstrapping Spring Data JPA repositories in DEFAULT mode.
2025-02-17T20:28:24.724+05:30  INFO 24328 --- [CUSTOMER-SERVICE] [           main] .s.d.r.c.RepositoryConfigurationDelegate : Finished Spring Data repository scanning in 141 ms. Found 2 JPA repository interfaces.
2025-02-17T20:28:25.450+05:30  INFO 24328 --- [CUSTOMER-SERVICE] [           main] o.s.cloud.context.scope.GenericScope     : BeanFactory id=3eeecd55-4f42-3bcf-a504-681173698180
2025-02-17T20:28:26.556+05:30  INFO 24328 --- [CUSTOMER-SERVICE] [           main] o.hibernate.jpa.internal.util.LogHelper  : HHH000204: Processing PersistenceUnitInfo [name: default]
2025-02-17T20:28:26.803+05:30  INFO 24328 --- [CUSTOMER-SERVICE] [           main] org.hibernate.Version                    : HHH000412: Hibernate ORM core version 6.6.5.Final
2025-02-17T20:28:26.976+05:30  INFO 24328 --- [CUSTOMER-SERVICE] [           main] o.h.c.internal.RegionFactoryInitiator    : HHH000026: Second-level cache disabled
2025-02-17T20:28:28.527+05:30  INFO 24328 --- [CUSTOMER-SERVICE] [           main] o.s.o.j.p.SpringPersistenceUnitInfo      : No LoadTimeWeaver setup: ignoring JPA class transformer
2025-02-17T20:28:28.755+05:30  INFO 24328 --- [CUSTOMER-SERVICE] [           main] com.zaxxer.hikari.HikariDataSource       : HikariPool-1 - Starting...
2025-02-17T20:28:29.775+05:30  INFO 24328 --- [CUSTOMER-SERVICE] [           main] com.zaxxer.hikari.pool.HikariPool        : HikariPool-1 - Added connection com.mysql.cj.jdbc.ConnectionImpl@1e6bd367
2025-02-17T20:28:29.779+05:30  INFO 24328 --- [CUSTOMER-SERVICE] [           main] com.zaxxer.hikari.HikariDataSource       : HikariPool-1 - Start completed.
2025-02-17T20:28:29.988+05:30  WARN 24328 --- [CUSTOMER-SERVICE] [           main] org.hibernate.orm.deprecation            : HHH90000025: MySQL8Dialect does not need to be specified explicitly using 'hibernate.dialect' (remove the property setting and it will be selected by default)
2025-02-17T20:28:29.997+05:30  WARN 24328 --- [CUSTOMER-SERVICE] [           main] org.hibernate.orm.deprecation            : HHH90000026: MySQL8Dialect has been deprecated; use org.hibernate.dialect.MySQLDialect instead
2025-02-17T20:28:30.161+05:30  INFO 24328 --- [CUSTOMER-SERVICE] [           main] org.hibernate.orm.connections.pooling    : HHH10001005: Database info:
	Database JDBC URL [Connecting through datasource 'HikariDataSource (HikariPool-1)']
	Database driver: undefined/unknown
	Database version: 8.0
	Autocommit mode: undefined/unknown
	Isolation level: undefined/unknown
	Minimum pool size: undefined/unknown
	Maximum pool size: undefined/unknown
2025-02-17T20:28:32.904+05:30  INFO 24328 --- [CUSTOMER-SERVICE] [           main] o.h.e.t.j.p.i.JtaPlatformInitiator       : HHH000489: No JTA platform available (set 'hibernate.transaction.jta.platform' to enable JTA platform integration)
2025-02-17T20:28:33.021+05:30  INFO 24328 --- [CUSTOMER-SERVICE] [           main] j.LocalContainerEntityManagerFactoryBean : Initialized JPA EntityManagerFactory for persistence unit 'default'
2025-02-17T20:28:35.122+05:30  WARN 24328 --- [CUSTOMER-SERVICE] [           main] JpaBaseConfiguration$JpaWebConfiguration : spring.jpa.open-in-view is enabled by default. Therefore, database queries may be performed during view rendering. Explicitly configure spring.jpa.open-in-view to disable this warning
2025-02-17T20:28:37.565+05:30  INFO 24328 --- [CUSTOMER-SERVICE] [           main] o.s.cloud.commons.util.InetUtils         : Cannot determine local hostname
2025-02-17T20:28:37.645+05:30  INFO 24328 --- [CUSTOMER-SERVICE] [           main] com.app.customer.ApplicationTests        : Started ApplicationTests in 22.402 seconds (process running for 27.179)
]]></system-out>
  </testcase>
</testsuite>